x64\release\boundıngbox.cu.obj
x64\release\maın.cu.obj
x64\release\materıal.cu.obj
x64\release\meshtrıangle.cu.obj
x64\release\model.cu.obj
x64\release\object.cu.obj
x64\release\rgbautılıtıes.cu.obj
x64\release\sphere.cu.obj
x64\release\trıangle.cu.obj
c:\users\yonkıra\source\repos\real tıme ray tracıng bıtırme\x64\release\real tıme ray tracıng bıtırme.exe
c:\users\yonkıra\source\repos\real tıme ray tracıng bıtırme\x64\release\real tıme ray tracıng bıtırme.pdb
c:\users\yonkira\source\repos\real time ray tracing bitirme\x64\release\boundingbox.cu.cache
c:\users\yonkira\source\repos\real time ray tracing bitirme\x64\release\main.cu.cache
c:\users\yonkira\source\repos\real time ray tracing bitirme\x64\release\material.cu.cache
c:\users\yonkira\source\repos\real time ray tracing bitirme\x64\release\meshtriangle.cu.cache
c:\users\yonkira\source\repos\real time ray tracing bitirme\x64\release\model.cu.cache
c:\users\yonkira\source\repos\real time ray tracing bitirme\x64\release\object.cu.cache
c:\users\yonkira\source\repos\real time ray tracing bitirme\x64\release\rgbautilities.cu.cache
c:\users\yonkira\source\repos\real time ray tracing bitirme\x64\release\sphere.cu.cache
c:\users\yonkira\source\repos\real time ray tracing bitirme\x64\release\triangle.cu.cache
c:\users\yonkira\source\repos\real time ray tracing bitirme\x64\release\boundingbox.cu.obj
c:\users\yonkira\source\repos\real time ray tracing bitirme\x64\release\main.cu.obj
c:\users\yonkira\source\repos\real time ray tracing bitirme\x64\release\material.cu.obj
c:\users\yonkira\source\repos\real time ray tracing bitirme\x64\release\meshtriangle.cu.obj
c:\users\yonkira\source\repos\real time ray tracing bitirme\x64\release\model.cu.obj
c:\users\yonkira\source\repos\real time ray tracing bitirme\x64\release\object.cu.obj
c:\users\yonkira\source\repos\real time ray tracing bitirme\x64\release\real time ray tracing bitirme.device-link.obj
c:\users\yonkira\source\repos\real time ray tracing bitirme\x64\release\rgbautilities.cu.obj
c:\users\yonkira\source\repos\real time ray tracing bitirme\x64\release\sphere.cu.obj
c:\users\yonkira\source\repos\real time ray tracing bitirme\x64\release\triangle.cu.obj
c:\users\yonkira\source\repos\real time ray tracing bitirme\x64\release\real time ray tracing bitirme.pdb
c:\users\yonkira\source\repos\real time ray tracing bitirme\x64\release\vc141.pdb
c:\users\yonkira\source\repos\real time ray tracing bitirme\x64\release\real time ray tracing bitirme.exe
c:\users\yonkira\source\repos\real time ray tracing bitirme\x64\release\real tim.d053235d.tlog\cudacompile.read.1u.tlog
c:\users\yonkira\source\repos\real time ray tracing bitirme\x64\release\real tim.d053235d.tlog\cudacompile.write.1u.tlog
c:\users\yonkira\source\repos\real time ray tracing bitirme\x64\release\real tim.d053235d.tlog\link.command.1.tlog
c:\users\yonkira\source\repos\real time ray tracing bitirme\x64\release\real tim.d053235d.tlog\link.read.1.tlog
c:\users\yonkira\source\repos\real time ray tracing bitirme\x64\release\real tim.d053235d.tlog\link.write.1.tlog
